<?xml version="1.0" encoding="UTF-8"?>
<!-- Generated by org.testng.reporters.JUnitReportReporter -->
<testsuite hostname="DESKTOP-JFEFVNT" failures="0" tests="3" name="Test.Test_11" time="25.014" errors="0" timestamp="2023-07-14T17:37:41 IST" skipped="0">
  <testcase classname="Test.Test_11" name="search" time="8.307"/>
  <system-out/>
  <testcase classname="Test.Test_11" name="logo" time="9.012"/>
  <system-out/>
  <testcase classname="Test.Test_11" name="Verifytitle" time="7.695"/>
  <system-out/>
</testsuite> <!-- Test.Test_11 -->
