<?xml version="1.0" encoding="UTF-8"?>
<!-- Generated by org.testng.reporters.JUnitReportReporter -->
<testsuite hostname="DESKTOP-JFEFVNT" failures="0" tests="1" name="Test.Test4" time="0.019" errors="0" timestamp="2023-06-23T11:59:21 IST" skipped="0">
  <testcase classname="Test.Test4" name="m2" time="0.019"/>
  <system-out/>
</testsuite> <!-- Test.Test4 -->
