<?xml version="1.0" encoding="UTF-8"?>
<!-- Generated by org.testng.reporters.JUnitReportReporter -->
<testsuite hostname="DESKTOP-JFEFVNT" failures="0" tests="1" name="Test.ExcelSDataR" time="8.842" errors="0" timestamp="2023-07-13T17:26:53 IST" skipped="0">
  <testcase classname="Test.ExcelSDataR" name="test_r" time="8.842"/>
  <system-out/>
</testsuite> <!-- Test.ExcelSDataR -->
