<?xml version="1.0" encoding="UTF-8"?>
<!-- Generated by org.testng.reporters.JUnitReportReporter -->
<testsuite hostname="DESKTOP-JFEFVNT" failures="0" tests="1" name="Test.ExcelDataReader" time="11.490" errors="0" timestamp="2023-07-13T17:54:31 IST" skipped="0">
  <testcase classname="Test.ExcelDataReader" name="test_read" time="11.490"/>
  <system-out/>
</testsuite> <!-- Test.ExcelDataReader -->
