<?xml version="1.0" encoding="UTF-8"?>
<!-- Generated by org.testng.reporters.JUnitReportReporter -->
<testsuite hostname="DESKTOP-JFEFVNT" failures="0" tests="3" name="Test.Test_1" time="14.022" errors="0" timestamp="2023-06-23T11:42:21 IST" skipped="0">
  <testcase classname="Test.Test_1" name="Test1" time="8.587"/>
  <system-out/>
  <testcase classname="Test.Test_1" name="Test3" time="2.737"/>
  <system-out/>
  <testcase classname="Test.Test_1" name="Test2" time="2.698"/>
  <system-out/>
</testsuite> <!-- Test.Test_1 -->
