<?xml version="1.0" encoding="UTF-8"?>
<!-- Generated by org.testng.reporters.JUnitReportReporter -->
<testsuite hostname="DESKTOP-JFEFVNT" failures="0" tests="1" name="DemoTest.TestLogin" time="6.592" errors="0" timestamp="2023-07-18T14:28:48 IST" skipped="0">
  <testcase classname="DemoTest.TestLogin" name="test" time="6.592"/>
  <system-out/>
</testsuite> <!-- DemoTest.TestLogin -->
