<?xml version="1.0" encoding="UTF-8"?>
<!-- Generated by org.testng.reporters.JUnitReportReporter -->
<testsuite hostname="DESKTOP-JFEFVNT" failures="0" tests="2" name="Test.Test_8" time="21.258" errors="0" timestamp="2023-07-13T14:33:03 IST" skipped="0">
  <testcase classname="Test.Test_8" name="m1" time="3.911"/>
  <system-out/>
  <testcase classname="Test.Test_8" name="m1" time="17.347"/>
  <system-out/>
</testsuite> <!-- Test.Test_8 -->
