<?xml version="1.0" encoding="UTF-8"?>
<!-- Generated by org.testng.reporters.JUnitReportReporter -->
<testsuite hostname="DESKTOP-JFEFVNT" failures="0" tests="1" name="Test.Test_2" time="4.762" errors="0" timestamp="2023-06-09T09:46:52 IST" skipped="0">
  <testcase classname="Test.Test_2" name="Test2" time="4.762"/>
  <system-out/>
</testsuite> <!-- Test.Test_2 -->
